✓ Usando InMemoryUsuarioRepository
info: Microsoft.Hosting.Lifetime[14]
      Now listening on: http://localhost:5000
info: Microsoft.Hosting.Lifetime[0]
      Application started. Press Ctrl+C to shut down.
info: Microsoft.Hosting.Lifetime[0]
      Hosting environment: Production
info: Microsoft.Hosting.Lifetime[0]
      Content root path: C:\tareas\PROYECTO SOFTWARE2\TutoriasDeClases
[Request] 2025-12-01T21:13:14.3429211Z GET /api/ControladorDeSesion/test
✓ ControladorDeSesion inicializado. Repositorio: InMemoryUsuarioRepository
GET /api/ControladorDeSesion/test llamado
[Response] 2025-12-01T21:13:14.3623976Z 200
[Request] 2025-12-01T21:13:21.8669379Z POST /api/ControladorDeSesion/register
✓ ControladorDeSesion inicializado. Repositorio: InMemoryUsuarioRepository
[Response] 2025-12-01T21:13:22.2442101Z 200
[Request] 2025-12-01T21:16:20.8279867Z POST /api/ControladorDeSesion/register
✓ ControladorDeSesion inicializado. Repositorio: InMemoryUsuarioRepository
[Response] 2025-12-01T21:16:20.8306002Z 409
[Request] 2025-12-01T21:16:27.8138468Z POST /api/ControladorDeSesion/login
✓ ControladorDeSesion inicializado. Repositorio: InMemoryUsuarioRepository
[Response] 2025-12-01T21:16:28.1216034Z 200
[Request] 2025-12-01T21:16:30.8351723Z POST /api/ControladorDeSesion/login
✓ ControladorDeSesion inicializado. Repositorio: InMemoryUsuarioRepository
[Response] 2025-12-01T21:16:30.9409202Z 200
[Request] 2025-12-01T21:16:32.7113774Z POST /api/ControladorDeSesion/login
✓ ControladorDeSesion inicializado. Repositorio: InMemoryUsuarioRepository
[Response] 2025-12-01T21:16:32.8131860Z 200
[Request] 2025-12-01T21:16:34.9370225Z POST /api/ControladorDeSesion/login
✓ ControladorDeSesion inicializado. Repositorio: InMemoryUsuarioRepository
[Response] 2025-12-01T21:16:35.0382973Z 200
